<?xml version="1.0" encoding="UTF-8"?>
<testng-results ignored="0" total="1" passed="1" failed="0" skipped="0">
  <reporter-output>
  </reporter-output>
  <suite started-at="2024-07-18T14:41:21 IST" name="Titrate" finished-at="2024-07-18T14:42:03 IST" duration-ms="42034">
    <groups>
    </groups>
    <test started-at="2024-07-18T14:41:21 IST" name="Titrate Test" finished-at="2024-07-18T14:42:03 IST" duration-ms="42034">
      <class name="com.titrate.testCases.TC_001_VerifyLogin">
        <test-method is-config="true" signature="setup()[pri:0, instance:com.titrate.testCases.TC_001_VerifyLogin@302552ec]" started-at="2024-07-18T14:41:21 IST" name="setup" finished-at="2024-07-18T14:41:57 IST" duration-ms="35959" status="PASS">
          <reporter-output>
          </reporter-output>
        </test-method> <!-- setup -->
        <test-method signature="login()[pri:0, instance:com.titrate.testCases.TC_001_VerifyLogin@302552ec]" started-at="2024-07-18T14:41:57 IST" name="login" finished-at="2024-07-18T14:42:02 IST" duration-ms="5311" status="PASS">
          <reporter-output>
          </reporter-output>
        </test-method> <!-- login -->
        <test-method is-config="true" signature="teardown()[pri:0, instance:com.titrate.testCases.TC_001_VerifyLogin@302552ec]" started-at="2024-07-18T14:42:02 IST" name="teardown" finished-at="2024-07-18T14:42:03 IST" duration-ms="466" status="PASS">
          <reporter-output>
          </reporter-output>
        </test-method> <!-- teardown -->
      </class> <!-- com.titrate.testCases.TC_001_VerifyLogin -->
    </test> <!-- Titrate Test -->
  </suite> <!-- Titrate -->
</testng-results>
